2024-07-03T11:50:53.121497+00:00 INFO 'ansible_navigator.setup_logger' New ansible-navigator instance, logging initialized
2024-07-03T11:50:53.121889+00:00 INFO 'ansible_navigator.setup_logger' New ansible-runner instance, logging initialized
2024-07-03T11:50:53.121981+00:00 DEBUG 'ansible_navigator.main' Jinja2==3.1.4 
2024-07-03T11:50:53.122036+00:00 DEBUG 'ansible_navigator.main' MarkupSafe==2.1.5 
2024-07-03T11:50:53.122084+00:00 DEBUG 'ansible_navigator.main' Parsley==1.3 
2024-07-03T11:50:53.122129+00:00 DEBUG 'ansible_navigator.main' PyYAML==6.0.1 
2024-07-03T11:50:53.122154+00:00 DEBUG 'ansible_navigator.main' Pygments==2.18.0 
2024-07-03T11:50:53.122177+00:00 DEBUG 'ansible_navigator.main' ansible-builder==3.1.0 
2024-07-03T11:50:53.122201+00:00 DEBUG 'ansible_navigator.main' ansible-compat==24.6.1 
2024-07-03T11:50:53.122223+00:00 DEBUG 'ansible_navigator.main' ansible-core==2.16.3 
2024-07-03T11:50:53.122246+00:00 DEBUG 'ansible_navigator.main' ansible-lint==24.6.1 
2024-07-03T11:50:53.122268+00:00 DEBUG 'ansible_navigator.main' ansible-navigator==24.6.0 
2024-07-03T11:50:53.122292+00:00 DEBUG 'ansible_navigator.main' ansible-runner==2.4.0 
2024-07-03T11:50:53.122314+00:00 DEBUG 'ansible_navigator.main' attrs==23.2.0 /home/student/.local/lib/python3.12/site-packages/attrs/__init__.py
2024-07-03T11:50:53.122338+00:00 DEBUG 'ansible_navigator.main' bindep==2.11.0 /home/student/.local/lib/python3.12/site-packages/bindep/__init__.py
2024-07-03T11:50:53.122360+00:00 DEBUG 'ansible_navigator.main' black==24.4.2 /home/student/.local/lib/python3.12/site-packages/black/__init__.cpython-312-x86_64-linux-gnu.so
2024-07-03T11:50:53.122382+00:00 DEBUG 'ansible_navigator.main' bracex==2.4 /home/student/.local/lib/python3.12/site-packages/bracex/__init__.py
2024-07-03T11:50:53.122404+00:00 DEBUG 'ansible_navigator.main' cffi==1.16.0 /usr/lib64/python3.12/site-packages/cffi/__init__.py
2024-07-03T11:50:53.122426+00:00 DEBUG 'ansible_navigator.main' click==8.1.7 /home/student/.local/lib/python3.12/site-packages/click/__init__.py
2024-07-03T11:50:53.122448+00:00 DEBUG 'ansible_navigator.main' cryptography==41.0.7 /usr/lib64/python3.12/site-packages/cryptography/__init__.py
2024-07-03T11:50:53.122470+00:00 DEBUG 'ansible_navigator.main' distro==1.9.0 /home/student/.local/lib/python3.12/site-packages/distro/__init__.py
2024-07-03T11:50:53.122492+00:00 DEBUG 'ansible_navigator.main' docutils==0.21.2 /home/student/.local/lib/python3.12/site-packages/docutils/__init__.py
2024-07-03T11:50:53.122514+00:00 DEBUG 'ansible_navigator.main' filelock==3.15.4 /home/student/.local/lib/python3.12/site-packages/filelock/__init__.py
2024-07-03T11:50:53.122536+00:00 DEBUG 'ansible_navigator.main' importlib_metadata==8.0.0 /home/student/.local/lib/python3.12/site-packages/importlib_metadata/__init__.py
2024-07-03T11:50:53.122558+00:00 DEBUG 'ansible_navigator.main' jsonschema-specifications==2023.12.1 
2024-07-03T11:50:53.122583+00:00 DEBUG 'ansible_navigator.main' jsonschema==4.22.0 /home/student/.local/lib/python3.12/site-packages/jsonschema/__init__.py
2024-07-03T11:50:53.122623+00:00 DEBUG 'ansible_navigator.main' lockfile==0.12.2 /home/student/.local/lib/python3.12/site-packages/lockfile/__init__.py
2024-07-03T11:50:53.122648+00:00 DEBUG 'ansible_navigator.main' markdown-it-py==3.0.0 
2024-07-03T11:50:53.122671+00:00 DEBUG 'ansible_navigator.main' mdurl==0.1.2 /home/student/.local/lib/python3.12/site-packages/mdurl/__init__.py
2024-07-03T11:50:53.122693+00:00 DEBUG 'ansible_navigator.main' mypy-extensions==1.0.0 
2024-07-03T11:50:53.122715+00:00 DEBUG 'ansible_navigator.main' onigurumacffi==1.3.0 /home/student/.local/lib/python3.12/site-packages/onigurumacffi.py
2024-07-03T11:50:53.122737+00:00 DEBUG 'ansible_navigator.main' packaging==24.1 /home/student/.local/lib/python3.12/site-packages/packaging/__init__.py
2024-07-03T11:50:53.122758+00:00 DEBUG 'ansible_navigator.main' pathspec==0.12.1 /home/student/.local/lib/python3.12/site-packages/pathspec/__init__.py
2024-07-03T11:50:53.122780+00:00 DEBUG 'ansible_navigator.main' pbr==6.0.0 /home/student/.local/lib/python3.12/site-packages/pbr/__init__.py
2024-07-03T11:50:53.122806+00:00 DEBUG 'ansible_navigator.main' pexpect==4.9.0 /home/student/.local/lib/python3.12/site-packages/pexpect/__init__.py
2024-07-03T11:50:53.122828+00:00 DEBUG 'ansible_navigator.main' pip==23.2.1 /usr/lib/python3.12/site-packages/pip/__init__.py
2024-07-03T11:50:53.122851+00:00 DEBUG 'ansible_navigator.main' platformdirs==4.2.2 /home/student/.local/lib/python3.12/site-packages/platformdirs/__init__.py
2024-07-03T11:50:53.122873+00:00 DEBUG 'ansible_navigator.main' ply==3.11 /usr/lib/python3.12/site-packages/ply/__init__.py
2024-07-03T11:50:53.122895+00:00 DEBUG 'ansible_navigator.main' ptyprocess==0.7.0 /home/student/.local/lib/python3.12/site-packages/ptyprocess/__init__.py
2024-07-03T11:50:53.122916+00:00 DEBUG 'ansible_navigator.main' pycparser==2.20 /usr/lib/python3.12/site-packages/pycparser/__init__.py
2024-07-03T11:50:53.122938+00:00 DEBUG 'ansible_navigator.main' python-daemon==3.0.1 
2024-07-03T11:50:53.122959+00:00 DEBUG 'ansible_navigator.main' referencing==0.35.1 /home/student/.local/lib/python3.12/site-packages/referencing/__init__.py
2024-07-03T11:50:53.122981+00:00 DEBUG 'ansible_navigator.main' rich==13.7.1 /home/student/.local/lib/python3.12/site-packages/rich/__init__.py
2024-07-03T11:50:53.123002+00:00 DEBUG 'ansible_navigator.main' rpds-py==0.18.1 
2024-07-03T11:50:53.123024+00:00 DEBUG 'ansible_navigator.main' ruamel.yaml.clib==0.2.8 
2024-07-03T11:50:53.123045+00:00 DEBUG 'ansible_navigator.main' ruamel.yaml==0.18.6 /home/student/.local/lib/python3.12/site-packages/ruamel/yaml/__init__.py
2024-07-03T11:50:53.123066+00:00 DEBUG 'ansible_navigator.main' setuptools==68.2.2 /usr/lib/python3.12/site-packages/setuptools/__init__.py
2024-07-03T11:50:53.123088+00:00 DEBUG 'ansible_navigator.main' subprocess-tee==0.4.2 
2024-07-03T11:50:53.123110+00:00 DEBUG 'ansible_navigator.main' tzdata==2024.1 /home/student/.local/lib/python3.12/site-packages/tzdata/__init__.py
2024-07-03T11:50:53.123131+00:00 DEBUG 'ansible_navigator.main' wcmatch==8.5.2 /home/student/.local/lib/python3.12/site-packages/wcmatch/__init__.py
2024-07-03T11:50:53.123153+00:00 DEBUG 'ansible_navigator.main' yamllint==1.35.1 /home/student/.local/lib/python3.12/site-packages/yamllint/__init__.py
2024-07-03T11:50:53.123175+00:00 DEBUG 'ansible_navigator.main' zipp==3.19.2 /home/student/.local/lib/python3.12/site-packages/zipp/__init__.py
2024-07-03T11:50:53.123196+00:00 DEBUG 'ansible_navigator.main' Default collection_doc_cache_path set to: /home/student/.cache/ansible-navigator/collection_doc_cache.db
2024-07-03T11:50:53.123217+00:00 DEBUG 'ansible_navigator.main' EDITOR environment variable not set
2024-07-03T11:50:53.123240+00:00 DEBUG 'ansible_navigator.main' Default editor_command set to: vi +{line_number} {filename}
2024-07-03T11:50:53.123261+00:00 DEBUG 'ansible_navigator.main' No config file set by ANSIBLE_NAVIGATOR_CONFIG
2024-07-03T11:50:53.123283+00:00 DEBUG 'ansible_navigator.main' Looking in /home/student/.ansible-navigator
2024-07-03T11:50:53.123304+00:00 DEBUG 'ansible_navigator.main' Looking for '/home/student/.ansible-navigator.yml', '/home/student/.ansible-navigator.yaml' and '/home/student/.ansible-navigator.json'
2024-07-03T11:50:53.123328+00:00 DEBUG 'ansible_navigator.main' Found 0: 
2024-07-03T11:50:53.123349+00:00 DEBUG 'ansible_navigator.main' Looking in /home/student/ansible_training/ansible-navigator
2024-07-03T11:50:53.123370+00:00 DEBUG 'ansible_navigator.main' Looking for '/home/student/ansible_training/ansible-navigator.yml', '/home/student/ansible_training/ansible-navigator.yaml' and '/home/student/ansible_training/ansible-navigator.json'
2024-07-03T11:50:53.123392+00:00 DEBUG 'ansible_navigator.main' Found 0: 
2024-07-03T11:50:53.123414+00:00 DEBUG 'ansible_navigator.main' All found 0: 
2024-07-03T11:50:53.123434+00:00 DEBUG 'ansible_navigator.main' Using: None
2024-07-03T11:50:53.123456+00:00 DEBUG 'ansible_navigator.main' No valid settings file found, using all default values for settings.
2024-07-03T11:50:53.123477+00:00 DEBUG 'ansible_navigator.main' Command provided: ''
2024-07-03T11:50:53.123501+00:00 DEBUG 'ansible_navigator.main' EE support enabled: using current working directory for 'ansible.cfg'
2024-07-03T11:50:53.123523+00:00 INFO 'ansible_navigator.main' EE support enabled: found 'ansible.cfg' in current working directory.
2024-07-03T11:50:53.123545+00:00 DEBUG 'ansible_navigator.main' Completed post processing for ansible_runner_artifact_dir. (changed=False)
2024-07-03T11:50:53.123567+00:00 DEBUG 'ansible_navigator.main' Completed post processing for ansible_runner_rotate_artifacts_count. (changed=False)
2024-07-03T11:50:53.123589+00:00 DEBUG 'ansible_navigator.main' Completed post processing for ansible_runner_timeout. (changed=False)
2024-07-03T11:50:53.123627+00:00 DEBUG 'ansible_navigator.main' Completed post processing for cmdline. (changed=False)
2024-07-03T11:50:53.123650+00:00 DEBUG 'ansible_navigator.main' Completed post processing for collection_doc_cache_path. (changed=False)
2024-07-03T11:50:53.123671+00:00 DEBUG 'ansible_navigator.main' Completed post processing for container_engine. (changed=False)
2024-07-03T11:50:53.123692+00:00 DEBUG 'ansible_navigator.main' Completed post processing for container_options. (changed=False)
2024-07-03T11:50:53.123713+00:00 DEBUG 'ansible_navigator.main' Completed post processing for display_color. (changed=False)
2024-07-03T11:50:53.123734+00:00 DEBUG 'ansible_navigator.main' Completed post processing for enable_prompts. (changed=False)
2024-07-03T11:50:53.123754+00:00 DEBUG 'ansible_navigator.main' Completed post processing for execution_environment. (changed=False)
2024-07-03T11:50:53.123775+00:00 DEBUG 'ansible_navigator.main' Completed post processing for execution_environment_image. (changed=False)
2024-07-03T11:50:53.123796+00:00 DEBUG 'ansible_navigator.main' Completed post processing for help_builder. (changed=False)
2024-07-03T11:50:53.123817+00:00 DEBUG 'ansible_navigator.main' Completed post processing for help_config. (changed=False)
2024-07-03T11:50:53.123839+00:00 DEBUG 'ansible_navigator.main' Completed post processing for help_doc. (changed=False)
2024-07-03T11:50:53.123861+00:00 DEBUG 'ansible_navigator.main' Completed post processing for help_inventory. (changed=False)
2024-07-03T11:50:53.123882+00:00 DEBUG 'ansible_navigator.main' Completed post processing for help_playbook. (changed=False)
2024-07-03T11:50:53.123903+00:00 DEBUG 'ansible_navigator.main' Completed post processing for images_details. (changed=False)
2024-07-03T11:50:53.123923+00:00 DEBUG 'ansible_navigator.main' Completed post processing for inventory. (changed=True)
2024-07-03T11:50:53.123944+00:00 DEBUG 'ansible_navigator.main'  before: 'Not set'
2024-07-03T11:50:53.123964+00:00 DEBUG 'ansible_navigator.main'  after: '['/home/student/ansible_training/inventory']'
2024-07-03T11:50:53.123985+00:00 DEBUG 'ansible_navigator.main' Completed post processing for inventory_column. (changed=False)
2024-07-03T11:50:53.124005+00:00 DEBUG 'ansible_navigator.main' Completed post processing for log_file. (changed=False)
2024-07-03T11:50:53.124026+00:00 DEBUG 'ansible_navigator.main' Completed post processing for pass_environment_variable. (changed=False)
2024-07-03T11:50:53.124047+00:00 DEBUG 'ansible_navigator.main' Completed post processing for playbook. (changed=False)
2024-07-03T11:50:53.124068+00:00 DEBUG 'ansible_navigator.main' Completed post processing for playbook_artifact_replay. (changed=False)
2024-07-03T11:50:53.124089+00:00 DEBUG 'ansible_navigator.main' Completed post processing for playbook_artifact_save_as. (changed=False)
2024-07-03T11:50:53.124109+00:00 DEBUG 'ansible_navigator.main' Completed post processing for plugin_name. (changed=False)
2024-07-03T11:50:53.124130+00:00 DEBUG 'ansible_navigator.main' Completed post processing for pull_arguments. (changed=False)
2024-07-03T11:50:53.124151+00:00 DEBUG 'ansible_navigator.main' Completed post processing for set_environment_variable. (changed=False)
2024-07-03T11:50:53.124171+00:00 DEBUG 'ansible_navigator.main' Completed post processing for settings_effective. (changed=False)
2024-07-03T11:50:53.124195+00:00 DEBUG 'ansible_navigator.main' Completed post processing for settings_sample. (changed=False)
2024-07-03T11:50:53.124217+00:00 DEBUG 'ansible_navigator.main' Completed post processing for settings_schema. (changed=False)
2024-07-03T11:50:53.124238+00:00 DEBUG 'ansible_navigator.main' Completed post processing for settings_sources. (changed=False)
2024-07-03T11:50:53.124260+00:00 DEBUG 'ansible_navigator.main' Completed post processing for time_zone. (changed=False)
2024-07-03T11:50:53.124281+00:00 DEBUG 'ansible_navigator.main' Completed post processing for execution_environment_volume_mounts. (changed=False)
2024-07-03T11:50:53.124303+00:00 DEBUG 'ansible_navigator.main' Completed post processing for mode. (changed=False)
2024-07-03T11:50:53.124324+00:00 DEBUG 'ansible_navigator.main' Completed post processing for playbook_artifact_enable. (changed=False)
2024-07-03T11:50:53.124349+00:00 WARNING 'ansible_navigator.main' Configuration errors encountered, rolling back to previous configuration.
2024-07-03T11:50:53.124371+00:00 DEBUG 'ansible_navigator.main' Prior to rollback: ansible_runner_artifact_dir = 'Not set' (Constants/Not set)
2024-07-03T11:50:53.124393+00:00 DEBUG 'ansible_navigator.main' Prior to rollback: ansible_runner_rotate_artifacts_count = 'Not set' (Constants/Not set)
2024-07-03T11:50:53.124414+00:00 DEBUG 'ansible_navigator.main' Prior to rollback: ansible_runner_timeout = 'Not set' (Constants/Not set)
2024-07-03T11:50:53.124435+00:00 DEBUG 'ansible_navigator.main' Prior to rollback: ansible_runner_write_job_events = 'False' (bool/Defaults)
2024-07-03T11:50:53.124457+00:00 DEBUG 'ansible_navigator.main' Prior to rollback: app = 'welcome' (str/Defaults)
2024-07-03T11:50:53.124478+00:00 DEBUG 'ansible_navigator.main' Prior to rollback: cmdline = 'Not set' (Constants/Not set)
2024-07-03T11:50:53.124499+00:00 DEBUG 'ansible_navigator.main' Prior to rollback: collection_doc_cache_path = '/home/student/.cache/ansible-navigator/collection_doc_cache.db' (str/Defaults)
2024-07-03T11:50:53.124521+00:00 DEBUG 'ansible_navigator.main' Prior to rollback: config = 'Not set' (Constants/Not set)
2024-07-03T11:50:53.124542+00:00 DEBUG 'ansible_navigator.main' Prior to rollback: container_engine = 'auto' (str/Defaults)
2024-07-03T11:50:53.124564+00:00 DEBUG 'ansible_navigator.main' Prior to rollback: container_options = 'Not set' (Constants/Not set)
2024-07-03T11:50:53.124585+00:00 DEBUG 'ansible_navigator.main' Prior to rollback: display_color = 'True' (bool/Defaults)
2024-07-03T11:50:53.124614+00:00 DEBUG 'ansible_navigator.main' Prior to rollback: editor_command = 'vi +{line_number} {filename}' (str/Defaults)
2024-07-03T11:50:53.124638+00:00 DEBUG 'ansible_navigator.main' Prior to rollback: editor_console = 'True' (bool/Defaults)
2024-07-03T11:50:53.124660+00:00 DEBUG 'ansible_navigator.main' Prior to rollback: enable_prompts = 'False' (bool/Defaults)
2024-07-03T11:50:53.124682+00:00 DEBUG 'ansible_navigator.main' Prior to rollback: exec_command = '/bin/bash' (str/Defaults)
2024-07-03T11:50:53.124706+00:00 DEBUG 'ansible_navigator.main' Prior to rollback: exec_shell = 'True' (bool/Defaults)
2024-07-03T11:50:53.124728+00:00 DEBUG 'ansible_navigator.main' Prior to rollback: execution_environment = 'True' (bool/Defaults)
2024-07-03T11:50:53.124750+00:00 DEBUG 'ansible_navigator.main' Prior to rollback: execution_environment_image = 'ghcr.io/ansible/creator-ee:v24.2.0' (str/Defaults)
2024-07-03T11:50:53.124772+00:00 DEBUG 'ansible_navigator.main' Prior to rollback: execution_environment_volume_mounts = 'Not set' (Constants/Not set)
2024-07-03T11:50:53.124794+00:00 DEBUG 'ansible_navigator.main' Prior to rollback: format = 'yaml' (str/Defaults)
2024-07-03T11:50:53.124815+00:00 DEBUG 'ansible_navigator.main' Prior to rollback: help_builder = 'False' (bool/Defaults)
2024-07-03T11:50:53.124836+00:00 DEBUG 'ansible_navigator.main' Prior to rollback: help_config = 'False' (bool/Defaults)
2024-07-03T11:50:53.124857+00:00 DEBUG 'ansible_navigator.main' Prior to rollback: help_doc = 'False' (bool/Defaults)
2024-07-03T11:50:53.124882+00:00 DEBUG 'ansible_navigator.main' Prior to rollback: help_inventory = 'False' (bool/Defaults)
2024-07-03T11:50:53.124904+00:00 DEBUG 'ansible_navigator.main' Prior to rollback: help_playbook = 'False' (bool/Defaults)
2024-07-03T11:50:53.124925+00:00 DEBUG 'ansible_navigator.main' Prior to rollback: images_details = '['everything']' (list/Defaults)
2024-07-03T11:50:53.124946+00:00 DEBUG 'ansible_navigator.main' Prior to rollback: inventory = '['/home/student/ansible_training/inventory']' (list/Ansible configuration file)
2024-07-03T11:50:53.124968+00:00 DEBUG 'ansible_navigator.main' Prior to rollback: inventory_column = 'Not set' (Constants/Not set)
2024-07-03T11:50:53.124989+00:00 DEBUG 'ansible_navigator.main' Prior to rollback: lint_config = 'Not set' (Constants/Not set)
2024-07-03T11:50:53.125010+00:00 DEBUG 'ansible_navigator.main' Prior to rollback: lintables = 'Not set' (Constants/Not set)
2024-07-03T11:50:53.125031+00:00 DEBUG 'ansible_navigator.main' Prior to rollback: log_append = 'True' (bool/Defaults)
2024-07-03T11:50:53.125052+00:00 DEBUG 'ansible_navigator.main' Prior to rollback: log_file = '/home/student/ansible_training/ansible-navigator.log' (str/Defaults)
2024-07-03T11:50:53.125074+00:00 DEBUG 'ansible_navigator.main' Prior to rollback: log_level = 'warning' (str/Defaults)
2024-07-03T11:50:53.125096+00:00 DEBUG 'ansible_navigator.main' Prior to rollback: mode = 'interactive' (str/Defaults)
2024-07-03T11:50:53.125118+00:00 DEBUG 'ansible_navigator.main' Prior to rollback: osc4 = 'True' (bool/Defaults)
2024-07-03T11:50:53.125139+00:00 DEBUG 'ansible_navigator.main' Prior to rollback: pass_environment_variable = 'Not set' (Constants/Not set)
2024-07-03T11:50:53.125160+00:00 DEBUG 'ansible_navigator.main' Prior to rollback: playbook = 'Not set' (Constants/Not set)
2024-07-03T11:50:53.125181+00:00 DEBUG 'ansible_navigator.main' Prior to rollback: playbook_artifact_enable = 'True' (bool/Defaults)
2024-07-03T11:50:53.125202+00:00 DEBUG 'ansible_navigator.main' Prior to rollback: playbook_artifact_replay = 'Not set' (Constants/Not set)
2024-07-03T11:50:53.125223+00:00 DEBUG 'ansible_navigator.main' Prior to rollback: playbook_artifact_save_as = '{playbook_dir}/{playbook_name}-artifact-{time_stamp}.json' (str/Defaults)
2024-07-03T11:50:53.125244+00:00 DEBUG 'ansible_navigator.main' Prior to rollback: plugin_name = 'Not set' (Constants/Not set)
2024-07-03T11:50:53.125265+00:00 DEBUG 'ansible_navigator.main' Prior to rollback: plugin_type = 'module' (str/Defaults)
2024-07-03T11:50:53.125286+00:00 DEBUG 'ansible_navigator.main' Prior to rollback: pull_arguments = 'Not set' (Constants/Not set)
2024-07-03T11:50:53.125307+00:00 DEBUG 'ansible_navigator.main' Prior to rollback: pull_policy = 'tag' (str/Defaults)
2024-07-03T11:50:53.125329+00:00 DEBUG 'ansible_navigator.main' Prior to rollback: set_environment_variable = 'Not set' (Constants/Not set)
2024-07-03T11:50:53.125350+00:00 DEBUG 'ansible_navigator.main' Prior to rollback: settings_effective = 'False' (bool/Defaults)
2024-07-03T11:50:53.125371+00:00 DEBUG 'ansible_navigator.main' Prior to rollback: settings_sample = 'False' (bool/Defaults)
2024-07-03T11:50:53.125393+00:00 DEBUG 'ansible_navigator.main' Prior to rollback: settings_schema = 'json' (str/Defaults)
2024-07-03T11:50:53.125415+00:00 DEBUG 'ansible_navigator.main' Prior to rollback: settings_sources = 'False' (bool/Defaults)
2024-07-03T11:50:53.125437+00:00 DEBUG 'ansible_navigator.main' Prior to rollback: time_zone = 'UTC' (str/Defaults)
2024-07-03T11:50:53.125458+00:00 DEBUG 'ansible_navigator.main' Prior to rollback: workdir = '/home/student/ansible_training' (str/Defaults)
2024-07-03T11:50:53.125480+00:00 DEBUG 'ansible_navigator.main' After rollback: ansible_runner_artifact_dir = 'Not set' (Constants/Not set)
2024-07-03T11:50:53.125501+00:00 DEBUG 'ansible_navigator.main' After rollback: ansible_runner_rotate_artifacts_count = 'Not set' (Constants/Not set)
2024-07-03T11:50:53.125524+00:00 DEBUG 'ansible_navigator.main' After rollback: ansible_runner_timeout = 'Not set' (Constants/Not set)
2024-07-03T11:50:53.125548+00:00 DEBUG 'ansible_navigator.main' After rollback: ansible_runner_write_job_events = 'Not set' (Constants/Not set)
2024-07-03T11:50:53.125570+00:00 DEBUG 'ansible_navigator.main' After rollback: app = 'Not set' (Constants/Not set)
2024-07-03T11:50:53.125592+00:00 DEBUG 'ansible_navigator.main' After rollback: cmdline = 'Not set' (Constants/Not set)
2024-07-03T11:50:53.125622+00:00 DEBUG 'ansible_navigator.main' After rollback: collection_doc_cache_path = 'Not set' (Constants/Not set)
2024-07-03T11:50:53.125644+00:00 DEBUG 'ansible_navigator.main' After rollback: config = 'Not set' (Constants/Not set)
2024-07-03T11:50:53.125666+00:00 DEBUG 'ansible_navigator.main' After rollback: container_engine = 'Not set' (Constants/Not set)
2024-07-03T11:50:53.125688+00:00 DEBUG 'ansible_navigator.main' After rollback: container_options = 'Not set' (Constants/Not set)
2024-07-03T11:50:53.125709+00:00 DEBUG 'ansible_navigator.main' After rollback: display_color = 'Not set' (Constants/Not set)
2024-07-03T11:50:53.125731+00:00 DEBUG 'ansible_navigator.main' After rollback: editor_command = 'Not set' (Constants/Not set)
2024-07-03T11:50:53.125752+00:00 DEBUG 'ansible_navigator.main' After rollback: editor_console = 'Not set' (Constants/Not set)
2024-07-03T11:50:53.125773+00:00 DEBUG 'ansible_navigator.main' After rollback: enable_prompts = 'Not set' (Constants/Not set)
2024-07-03T11:50:53.125794+00:00 DEBUG 'ansible_navigator.main' After rollback: exec_command = 'Not set' (Constants/Not set)
2024-07-03T11:50:53.125815+00:00 DEBUG 'ansible_navigator.main' After rollback: exec_shell = 'Not set' (Constants/Not set)
2024-07-03T11:50:53.125836+00:00 DEBUG 'ansible_navigator.main' After rollback: execution_environment = 'Not set' (Constants/Not set)
2024-07-03T11:50:53.125858+00:00 DEBUG 'ansible_navigator.main' After rollback: execution_environment_image = 'Not set' (Constants/Not set)
2024-07-03T11:50:53.125879+00:00 DEBUG 'ansible_navigator.main' After rollback: execution_environment_volume_mounts = 'Not set' (Constants/Not set)
2024-07-03T11:50:53.125899+00:00 DEBUG 'ansible_navigator.main' After rollback: format = 'Not set' (Constants/Not set)
2024-07-03T11:50:53.125921+00:00 DEBUG 'ansible_navigator.main' After rollback: help_builder = 'Not set' (Constants/Not set)
2024-07-03T11:50:53.125942+00:00 DEBUG 'ansible_navigator.main' After rollback: help_config = 'Not set' (Constants/Not set)
2024-07-03T11:50:53.125963+00:00 DEBUG 'ansible_navigator.main' After rollback: help_doc = 'Not set' (Constants/Not set)
2024-07-03T11:50:53.125984+00:00 DEBUG 'ansible_navigator.main' After rollback: help_inventory = 'Not set' (Constants/Not set)
2024-07-03T11:50:53.126006+00:00 DEBUG 'ansible_navigator.main' After rollback: help_playbook = 'Not set' (Constants/Not set)
2024-07-03T11:50:53.126027+00:00 DEBUG 'ansible_navigator.main' After rollback: images_details = 'Not set' (Constants/Not set)
2024-07-03T11:50:53.126049+00:00 DEBUG 'ansible_navigator.main' After rollback: inventory = 'Not set' (Constants/Not set)
2024-07-03T11:50:53.126070+00:00 DEBUG 'ansible_navigator.main' After rollback: inventory_column = 'Not set' (Constants/Not set)
2024-07-03T11:50:53.126091+00:00 DEBUG 'ansible_navigator.main' After rollback: lint_config = 'Not set' (Constants/Not set)
2024-07-03T11:50:53.126112+00:00 DEBUG 'ansible_navigator.main' After rollback: lintables = 'Not set' (Constants/Not set)
2024-07-03T11:50:53.126132+00:00 DEBUG 'ansible_navigator.main' After rollback: log_append = 'Not set' (Constants/Not set)
2024-07-03T11:50:53.126154+00:00 DEBUG 'ansible_navigator.main' After rollback: log_file = 'Not set' (Constants/Not set)
2024-07-03T11:50:53.126175+00:00 DEBUG 'ansible_navigator.main' After rollback: log_level = 'Not set' (Constants/Not set)
2024-07-03T11:50:53.126196+00:00 DEBUG 'ansible_navigator.main' After rollback: mode = 'Not set' (Constants/Not set)
2024-07-03T11:50:53.126216+00:00 DEBUG 'ansible_navigator.main' After rollback: osc4 = 'Not set' (Constants/Not set)
2024-07-03T11:50:53.126240+00:00 DEBUG 'ansible_navigator.main' After rollback: pass_environment_variable = 'Not set' (Constants/Not set)
2024-07-03T11:50:53.126263+00:00 DEBUG 'ansible_navigator.main' After rollback: playbook = 'Not set' (Constants/Not set)
2024-07-03T11:50:53.126284+00:00 DEBUG 'ansible_navigator.main' After rollback: playbook_artifact_enable = 'Not set' (Constants/Not set)
2024-07-03T11:50:53.126305+00:00 DEBUG 'ansible_navigator.main' After rollback: playbook_artifact_replay = 'Not set' (Constants/Not set)
2024-07-03T11:50:53.126326+00:00 DEBUG 'ansible_navigator.main' After rollback: playbook_artifact_save_as = 'Not set' (Constants/Not set)
2024-07-03T11:50:53.126348+00:00 DEBUG 'ansible_navigator.main' After rollback: plugin_name = 'Not set' (Constants/Not set)
2024-07-03T11:50:53.126369+00:00 DEBUG 'ansible_navigator.main' After rollback: plugin_type = 'Not set' (Constants/Not set)
2024-07-03T11:50:53.126390+00:00 DEBUG 'ansible_navigator.main' After rollback: pull_arguments = 'Not set' (Constants/Not set)
2024-07-03T11:50:53.126411+00:00 DEBUG 'ansible_navigator.main' After rollback: pull_policy = 'Not set' (Constants/Not set)
2024-07-03T11:50:53.126432+00:00 DEBUG 'ansible_navigator.main' After rollback: set_environment_variable = 'Not set' (Constants/Not set)
2024-07-03T11:50:53.126453+00:00 DEBUG 'ansible_navigator.main' After rollback: settings_effective = 'Not set' (Constants/Not set)
2024-07-03T11:50:53.126474+00:00 DEBUG 'ansible_navigator.main' After rollback: settings_sample = 'Not set' (Constants/Not set)
2024-07-03T11:50:53.126495+00:00 DEBUG 'ansible_navigator.main' After rollback: settings_schema = 'Not set' (Constants/Not set)
2024-07-03T11:50:53.126516+00:00 DEBUG 'ansible_navigator.main' After rollback: settings_sources = 'Not set' (Constants/Not set)
2024-07-03T11:50:53.126537+00:00 DEBUG 'ansible_navigator.main' After rollback: time_zone = 'Not set' (Constants/Not set)
2024-07-03T11:50:53.126558+00:00 DEBUG 'ansible_navigator.main' After rollback: workdir = 'Not set' (Constants/Not set)
2024-07-03T11:50:53.126579+00:00 DEBUG 'ansible_navigator.main' Configuration rollback complete.
2024-07-03T11:50:53.126612+00:00 DEBUG 'ansible_navigator.main' Collection doc cache not mounted
2024-07-03T11:50:53.126651+00:00 WARNING 'ansible_navigator.main' Issues were found while applying the settings.
2024-07-03T11:50:53.126679+00:00 INFO 'ansible_navigator.main' Command provided: ''
2024-07-03T11:50:53.126709+00:00 ERROR 'ansible_navigator.main' No container engine could be found: 'auto', set by 'Defaults'
2024-07-03T11:50:53.126735+00:00 INFO 'ansible_navigator.main' Try installing 'podman' or 'docker'
2024-07-03T11:50:53.126759+00:00 INFO 'ansible_navigator.main' Configuration failed, using default log file location. (/home/student/ansible_training/ansible-navigator.log) Log level set to debug
2024-07-03T11:50:53.126783+00:00 INFO 'ansible_navigator.main' Review the hints and log file to see what went wrong.
2024-07-03T11:53:42.901148+00:00 WARNING 'ansible_navigator.image_manager.puller._log_message' Image inspection failed, image assumed to be corrupted or missing
2024-07-03T11:53:42.901417+00:00 WARNING 'ansible_navigator.image_manager.puller._log_message' stdout: []

2024-07-03T11:53:42.901507+00:00 WARNING 'ansible_navigator.image_manager.puller._log_message' stderr: Error: ghcr.io/ansible/creator-ee:v24.2.0: image not known

